gyp info it worked if it ends with ok
gyp info using node-gyp@9.0.0
gyp info using node@16.16.0 | darwin | x64
gyp info find Python using Python version 3.11.7 found at "/Library/Frameworks/Python.framework/Versions/3.11/bin/python3"
gyp info spawn /Library/Frameworks/Python.framework/Versions/3.11/bin/python3
gyp info spawn args [
gyp info spawn args   '/Users/randhirprem/.nvm/versions/node/v16.16.0/lib/node_modules/npm/node_modules/node-gyp/gyp/gyp_main.py',
gyp info spawn args   'binding.gyp',
gyp info spawn args   '-f',
gyp info spawn args   'make',
gyp info spawn args   '-I',
gyp info spawn args   '/Users/randhirprem/Desktop/Node/NASA-PROJECT/node_modules/ws/build/config.gypi',
gyp info spawn args   '-I',
gyp info spawn args   '/Users/randhirprem/.nvm/versions/node/v16.16.0/lib/node_modules/npm/node_modules/node-gyp/addon.gypi',
gyp info spawn args   '-I',
gyp info spawn args   '/Users/randhirprem/Library/Caches/node-gyp/16.16.0/include/node/common.gypi',
gyp info spawn args   '-Dlibrary=shared_library',
gyp info spawn args   '-Dvisibility=default',
gyp info spawn args   '-Dnode_root_dir=/Users/randhirprem/Library/Caches/node-gyp/16.16.0',
gyp info spawn args   '-Dnode_gyp_dir=/Users/randhirprem/.nvm/versions/node/v16.16.0/lib/node_modules/npm/node_modules/node-gyp',
gyp info spawn args   '-Dnode_lib_file=/Users/randhirprem/Library/Caches/node-gyp/16.16.0/<(target_arch)/node.lib',
gyp info spawn args   '-Dmodule_root_dir=/Users/randhirprem/Desktop/Node/NASA-PROJECT/node_modules/ws',
gyp info spawn args   '-Dnode_engine=v8',
gyp info spawn args   '--depth=.',
gyp info spawn args   '--no-parallel',
gyp info spawn args   '--generator-output',
gyp info spawn args   'build',
gyp info spawn args   '-Goutput_dir=.'
gyp info spawn args ]
gyp info spawn make
gyp info spawn args [ 'BUILDTYPE=Release', '-C', 'build' ]
In file included from ../src/bufferutil.cc:15:
/Users/randhirprem/Desktop/Node/NASA-PROJECT/node_modules/nan/nan.h:107:11: error: no template named 'Handle' in namespace 'v8'
  107 |     , v8::Handle<v8::String> opt, bool def) {
      |       ~~~~^
/Users/randhirprem/Desktop/Node/NASA-PROJECT/node_modules/nan/nan.h:122:11: error: no template named 'Handle' in namespace 'v8'
  122 |     , v8::Handle<v8::String> opt) {
      |       ~~~~^
/Users/randhirprem/Desktop/Node/NASA-PROJECT/node_modules/nan/nan.h:128:11: error: no template named 'Handle' in namespace 'v8'
  128 |     , v8::Handle<v8::String> opt
      |       ~~~~^
/Users/randhirprem/Desktop/Node/NASA-PROJECT/node_modules/nan/nan.h:213:5: error: no member named 'ThrowException' in namespace 'v8'
  213 |     _NAN_THROW_ERROR(v8::Exception::Error, errmsg);
      |     ^~~~~~~~~~~~~~~~~~~~~~~~~~~~~~~~~~~~~~~~~~~~~~
/Users/randhirprem/Desktop/Node/NASA-PROJECT/node_modules/nan/nan.h:209:11: note: expanded from macro '_NAN_THROW_ERROR'
  209 |       v8::ThrowException(fun(v8::String::New(errmsg)));                        \
      |       ~~~~^
/Users/randhirprem/Desktop/Node/NASA-PROJECT/node_modules/nan/nan.h:213:5: error: no member named 'New' in 'v8::String'
  213 |     _NAN_THROW_ERROR(v8::Exception::Error, errmsg);
      |     ^~~~~~~~~~~~~~~~~~~~~~~~~~~~~~~~~~~~~~~~~~~~~~
/Users/randhirprem/Desktop/Node/NASA-PROJECT/node_modules/nan/nan.h:209:42: note: expanded from macro '_NAN_THROW_ERROR'
  209 |       v8::ThrowException(fun(v8::String::New(errmsg)));                        \
      |                              ~~~~~~~~~~~~^
/Users/randhirprem/Desktop/Node/NASA-PROJECT/node_modules/nan/nan.h:216:3: warning: inline variables are a C++17 extension [-Wc++17-extensions]
  216 |   inline static void NanThrowError(v8::Handle<v8::Value> error) {
      |   ^
/Users/randhirprem/Desktop/Node/NASA-PROJECT/node_modules/nan/nan.h:216:22: error: variable has incomplete type 'void'
  216 |   inline static void NanThrowError(v8::Handle<v8::Value> error) {
      |                      ^
/Users/randhirprem/Desktop/Node/NASA-PROJECT/node_modules/nan/nan.h:216:40: error: no member named 'Handle' in namespace 'v8'
  216 |   inline static void NanThrowError(v8::Handle<v8::Value> error) {
      |                                    ~~~~^
/Users/randhirprem/Desktop/Node/NASA-PROJECT/node_modules/nan/nan.h:216:56: error: expected '(' for function-style cast or type construction
  216 |   inline static void NanThrowError(v8::Handle<v8::Value> error) {
      |                                               ~~~~~~~~~^
/Users/randhirprem/Desktop/Node/NASA-PROJECT/node_modules/nan/nan.h:216:58: error: use of undeclared identifier 'error'
  216 |   inline static void NanThrowError(v8::Handle<v8::Value> error) {
      |                                                          ^
/Users/randhirprem/Desktop/Node/NASA-PROJECT/node_modules/nan/nan.h:216:64: error: expected ';' after top level declarator
  216 |   inline static void NanThrowError(v8::Handle<v8::Value> error) {
      |                                                                ^
      |                                                                ;
/Users/randhirprem/Desktop/Node/NASA-PROJECT/node_modules/nan/nan.h:222:65: error: no member named 'New' in 'v8::String'
  222 |     v8::Local<v8::Value> err = v8::Exception::Error(v8::String::New(msg));
      |                                                     ~~~~~~~~~~~~^
/Users/randhirprem/Desktop/Node/NASA-PROJECT/node_modules/nan/nan.h:224:65: error: too few arguments to function call, expected 2, have 1
  224 |     obj->Set(v8::String::New("code"), v8::Int32::New(errorNumber));
      |                                       ~~~~~~~~~~~~~~            ^
/Users/randhirprem/Library/Caches/node-gyp/16.16.0/include/node/v8.h:3758:25: note: 'New' declared here
 3758 |   static Local<Integer> New(Isolate* isolate, int32_t value);
      |                         ^   ~~~~~~~~~~~~~~~~~~~~~~~~~~~~~~~
In file included from ../src/bufferutil.cc:15:
/Users/randhirprem/Desktop/Node/NASA-PROJECT/node_modules/nan/nan.h:224:26: error: no member named 'New' in 'v8::String'
  224 |     obj->Set(v8::String::New("code"), v8::Int32::New(errorNumber));
      |              ~~~~~~~~~~~~^
/Users/randhirprem/Desktop/Node/NASA-PROJECT/node_modules/nan/nan.h:225:5: error: no matching function for call to 'NanThrowError'
  225 |     NanThrowError(err);
      |     ^~~~~~~~~~~~~
/Users/randhirprem/Desktop/Node/NASA-PROJECT/node_modules/nan/nan.h:212:22: note: candidate function not viable: no known conversion from 'v8::Local<v8::Value>' to 'const char *' for 1st argument
  212 |   inline static void NanThrowError(const char* errmsg) {
      |                      ^             ~~~~~~~~~~~~~~~~~~
/Users/randhirprem/Desktop/Node/NASA-PROJECT/node_modules/nan/nan.h:221:22: note: candidate function not viable: requires 2 arguments, but 1 was provided
  221 |   inline static void NanThrowError(const char *msg, const int errorNumber) {
      |                      ^             ~~~~~~~~~~~~~~~~~~~~~~~~~~~~~~~~~~~~~~
/Users/randhirprem/Desktop/Node/NASA-PROJECT/node_modules/nan/nan.h:229:5: error: no member named 'ThrowException' in namespace 'v8'
  229 |     _NAN_THROW_ERROR(v8::Exception::TypeError, errmsg);
      |     ^~~~~~~~~~~~~~~~~~~~~~~~~~~~~~~~~~~~~~~~~~~~~~~~~~
/Users/randhirprem/Desktop/Node/NASA-PROJECT/node_modules/nan/nan.h:209:11: note: expanded from macro '_NAN_THROW_ERROR'
  209 |       v8::ThrowException(fun(v8::String::New(errmsg)));                        \
      |       ~~~~^
/Users/randhirprem/Desktop/Node/NASA-PROJECT/node_modules/nan/nan.h:229:5: error: no member named 'New' in 'v8::String'
  229 |     _NAN_THROW_ERROR(v8::Exception::TypeError, errmsg);
      |     ^~~~~~~~~~~~~~~~~~~~~~~~~~~~~~~~~~~~~~~~~~~~~~~~~~
/Users/randhirprem/Desktop/Node/NASA-PROJECT/node_modules/nan/nan.h:209:42: note: expanded from macro '_NAN_THROW_ERROR'
  209 |       v8::ThrowException(fun(v8::String::New(errmsg)));                        \
      |                              ~~~~~~~~~~~~^
/Users/randhirprem/Desktop/Node/NASA-PROJECT/node_modules/nan/nan.h:233:5: error: no member named 'ThrowException' in namespace 'v8'
  233 |     _NAN_THROW_ERROR(v8::Exception::RangeError, errmsg);
      |     ^~~~~~~~~~~~~~~~~~~~~~~~~~~~~~~~~~~~~~~~~~~~~~~~~~~
/Users/randhirprem/Desktop/Node/NASA-PROJECT/node_modules/nan/nan.h:209:11: note: expanded from macro '_NAN_THROW_ERROR'
  209 |       v8::ThrowException(fun(v8::String::New(errmsg)));                        \
      |       ~~~~^
/Users/randhirprem/Desktop/Node/NASA-PROJECT/node_modules/nan/nan.h:233:5: error: no member named 'New' in 'v8::String'
  233 |     _NAN_THROW_ERROR(v8::Exception::RangeError, errmsg);
      |     ^~~~~~~~~~~~~~~~~~~~~~~~~~~~~~~~~~~~~~~~~~~~~~~~~~~
/Users/randhirprem/Desktop/Node/NASA-PROJECT/node_modules/nan/nan.h:209:42: note: expanded from macro '_NAN_THROW_ERROR'
  209 |       v8::ThrowException(fun(v8::String::New(errmsg)));                        \
      |                              ~~~~~~~~~~~~^
/Users/randhirprem/Desktop/Node/NASA-PROJECT/node_modules/nan/nan.h:244:13: error: no member named 'smalloc' in namespace 'node'
  244 |       node::smalloc::FreeCallback callback,
      |       ~~~~~~^
fatal error: too many errors emitted, stopping now [-ferror-limit=]
1 warning and 20 errors generated.
make: *** [Release/obj.target/bufferutil/src/bufferutil.o] Error 1
gyp ERR! build error 
gyp ERR! stack Error: `make` failed with exit code: 2
gyp ERR! stack     at ChildProcess.onExit (/Users/randhirprem/.nvm/versions/node/v16.16.0/lib/node_modules/npm/node_modules/node-gyp/lib/build.js:194:23)
gyp ERR! stack     at ChildProcess.emit (node:events:527:28)
gyp ERR! stack     at Process.ChildProcess._handle.onexit (node:internal/child_process:291:12)
gyp ERR! System Darwin 24.3.0
gyp ERR! command "/Users/randhirprem/.nvm/versions/node/v16.16.0/bin/node" "/Users/randhirprem/.nvm/versions/node/v16.16.0/lib/node_modules/npm/node_modules/node-gyp/bin/node-gyp.js" "rebuild"
gyp ERR! cwd /Users/randhirprem/Desktop/Node/NASA-PROJECT/node_modules/ws
gyp ERR! node -v v16.16.0
gyp ERR! node-gyp -v v9.0.0
gyp ERR! not ok 
